100.03.08 09:41 B D:\modelos\modmol\metab\nthorm\5ht.jpg --> campus /home/dbbm/public_html/modmol/metab/nthorm 5ht.jpg
100.03.08 09:41 B D:\modelos\modmol\metab\nthorm\5ht.pdb --> campus /home/dbbm/public_html/modmol/metab/nthorm 5ht.pdb
100.03.08 09:41 B D:\modelos\modmol\metab\nthorm\5ohindac.jpg --> campus /home/dbbm/public_html/modmol/metab/nthorm 5ohindac.jpg
100.03.08 09:41 B D:\modelos\modmol\metab\nthorm\5ohindac.pdb --> campus /home/dbbm/public_html/modmol/metab/nthorm 5ohindac.pdb
100.03.08 09:41 B D:\modelos\modmol\metab\nthorm\5ohtrp.jpg --> campus /home/dbbm/public_html/modmol/metab/nthorm 5ohtrp.jpg
100.03.08 09:41 B D:\modelos\modmol\metab\nthorm\5ohtrp.pdb --> campus /home/dbbm/public_html/modmol/metab/nthorm 5ohtrp.pdb
100.03.08 09:41 B D:\modelos\modmol\metab\nthorm\accol.jpg --> campus /home/dbbm/public_html/modmol/metab/nthorm accol.jpg
100.03.08 09:41 B D:\modelos\modmol\metab\nthorm\accol.pdb --> campus /home/dbbm/public_html/modmol/metab/nthorm accol.pdb
100.03.08 09:41 B D:\modelos\modmol\metab\nthorm\adrenali.jpg --> campus /home/dbbm/public_html/modmol/metab/nthorm adrenali.jpg
100.03.08 09:41 B D:\modelos\modmol\metab\nthorm\adrenali.pdb --> campus /home/dbbm/public_html/modmol/metab/nthorm adrenali.pdb
100.03.08 09:41 B D:\modelos\modmol\metab\nthorm\atropina.jpg --> campus /home/dbbm/public_html/modmol/metab/nthorm atropina.jpg
100.03.08 09:41 B D:\modelos\modmol\metab\nthorm\atropina.pdb --> campus /home/dbbm/public_html/modmol/metab/nthorm atropina.pdb
100.03.08 09:41 B D:\modelos\modmol\metab\nthorm\bufoten.jpg --> campus /home/dbbm/public_html/modmol/metab/nthorm bufoten.jpg
100.03.08 09:41 B D:\modelos\modmol\metab\nthorm\bufoten.pdb --> campus /home/dbbm/public_html/modmol/metab/nthorm bufoten.pdb
100.03.08 09:41 B D:\modelos\modmol\metab\nthorm\decmet.jpg --> campus /home/dbbm/public_html/modmol/metab/nthorm decmet.jpg
100.03.08 09:41 B D:\modelos\modmol\metab\nthorm\decmet.pdb --> campus /home/dbbm/public_html/modmol/metab/nthorm decmet.pdb
100.03.08 09:41 B D:\modelos\modmol\metab\nthorm\det.jpg --> campus /home/dbbm/public_html/modmol/metab/nthorm det.jpg
100.03.08 09:41 B D:\modelos\modmol\metab\nthorm\det.pdb --> campus /home/dbbm/public_html/modmol/metab/nthorm det.pdb
100.03.08 09:41 B D:\modelos\modmol\metab\nthorm\dhma.jpg --> campus /home/dbbm/public_html/modmol/metab/nthorm dhma.jpg
100.03.08 09:41 B D:\modelos\modmol\metab\nthorm\dhma.pdb --> campus /home/dbbm/public_html/modmol/metab/nthorm dhma.pdb
100.03.08 09:41 B D:\modelos\modmol\metab\nthorm\dhpg.jpg --> campus /home/dbbm/public_html/modmol/metab/nthorm dhpg.jpg
100.03.08 09:41 B D:\modelos\modmol\metab\nthorm\dhpg.pdb --> campus /home/dbbm/public_html/modmol/metab/nthorm dhpg.pdb
100.03.08 09:41 B D:\modelos\modmol\metab\nthorm\Dibujo1.jpg --> campus /home/dbbm/public_html/modmol/metab/nthorm Dibujo1.jpg
100.03.08 09:41 B D:\modelos\modmol\metab\nthorm\dit.jpg --> campus /home/dbbm/public_html/modmol/metab/nthorm dit.jpg
100.03.08 09:41 B D:\modelos\modmol\metab\nthorm\dit.pdb --> campus /home/dbbm/public_html/modmol/metab/nthorm dit.pdb
100.03.08 09:41 B D:\modelos\modmol\metab\nthorm\dmt.jpg --> campus /home/dbbm/public_html/modmol/metab/nthorm dmt.jpg
100.03.08 09:41 B D:\modelos\modmol\metab\nthorm\dmt.pdb --> campus /home/dbbm/public_html/modmol/metab/nthorm dmt.pdb
100.03.08 09:41 B D:\modelos\modmol\metab\nthorm\dopa.jpg --> campus /home/dbbm/public_html/modmol/metab/nthorm dopa.jpg
100.03.08 09:41 B D:\modelos\modmol\metab\nthorm\dopa.pdb --> campus /home/dbbm/public_html/modmol/metab/nthorm dopa.pdb
100.03.08 09:41 B D:\modelos\modmol\metab\nthorm\dopamina.jpg --> campus /home/dbbm/public_html/modmol/metab/nthorm dopamina.jpg
100.03.08 09:41 B D:\modelos\modmol\metab\nthorm\dopamina.pdb --> campus /home/dbbm/public_html/modmol/metab/nthorm dopamina.pdb
100.03.08 09:41 B D:\modelos\modmol\metab\nthorm\dtubocur.jpg --> campus /home/dbbm/public_html/modmol/metab/nthorm dtubocur.jpg
100.03.08 09:41 B D:\modelos\modmol\metab\nthorm\dtubocur.pdb --> campus /home/dbbm/public_html/modmol/metab/nthorm dtubocur.pdb
100.03.08 09:41 B D:\modelos\modmol\metab\nthorm\hexmet.jpg --> campus /home/dbbm/public_html/modmol/metab/nthorm hexmet.jpg
100.03.08 09:41 B D:\modelos\modmol\metab\nthorm\hexmet.pdb --> campus /home/dbbm/public_html/modmol/metab/nthorm hexmet.pdb
100.03.08 09:41 B D:\modelos\modmol\metab\nthorm\his.jpg --> campus /home/dbbm/public_html/modmol/metab/nthorm his.jpg
100.03.08 09:41 B D:\modelos\modmol\metab\nthorm\his.pdb --> campus /home/dbbm/public_html/modmol/metab/nthorm his.pdb
100.03.08 09:41 B D:\modelos\modmol\metab\nthorm\histamin.jpg --> campus /home/dbbm/public_html/modmol/metab/nthorm histamin.jpg
100.03.08 09:41 B D:\modelos\modmol\metab\nthorm\histamin.pdb --> campus /home/dbbm/public_html/modmol/metab/nthorm histamin.pdb
100.03.08 09:41 B D:\modelos\modmol\metab\nthorm\imac.jpg --> campus /home/dbbm/public_html/modmol/metab/nthorm imac.jpg
100.03.08 09:42 B D:\modelos\modmol\metab\nthorm\imac.pdb --> campus /home/dbbm/public_html/modmol/metab/nthorm imac.pdb
100.03.08 09:42 B D:\modelos\modmol\metab\nthorm\lsd.jpg --> campus /home/dbbm/public_html/modmol/metab/nthorm lsd.jpg
100.03.08 09:42 B D:\modelos\modmol\metab\nthorm\lsd.pdb --> campus /home/dbbm/public_html/modmol/metab/nthorm lsd.pdb
100.03.08 09:42 B D:\modelos\modmol\metab\nthorm\melaton.jpg --> campus /home/dbbm/public_html/modmol/metab/nthorm melaton.jpg
100.03.08 09:42 B D:\modelos\modmol\metab\nthorm\melaton.pdb --> campus /home/dbbm/public_html/modmol/metab/nthorm melaton.pdb
100.03.08 09:42 B D:\modelos\modmol\metab\nthorm\mhpg.jpg --> campus /home/dbbm/public_html/modmol/metab/nthorm mhpg.jpg
100.03.08 09:42 B D:\modelos\modmol\metab\nthorm\mhpg.pdb --> campus /home/dbbm/public_html/modmol/metab/nthorm mhpg.pdb
100.03.08 09:42 B D:\modelos\modmol\metab\nthorm\mit.jpg --> campus /home/dbbm/public_html/modmol/metab/nthorm mit.jpg
100.03.08 09:42 B D:\modelos\modmol\metab\nthorm\mit.pdb --> campus /home/dbbm/public_html/modmol/metab/nthorm mit.pdb
100.03.08 09:42 B D:\modelos\modmol\metab\nthorm\muscar.pdb --> campus /home/dbbm/public_html/modmol/metab/nthorm muscar.pdb
100.03.08 09:42 B D:\modelos\modmol\metab\nthorm\muscarin.jpg --> campus /home/dbbm/public_html/modmol/metab/nthorm muscarin.jpg
100.03.08 09:42 B D:\modelos\modmol\metab\nthorm\nacserot.jpg --> campus /home/dbbm/public_html/modmol/metab/nthorm nacserot.jpg
100.03.08 09:42 B D:\modelos\modmol\metab\nthorm\nacserot.pdb --> campus /home/dbbm/public_html/modmol/metab/nthorm nacserot.pdb
100.03.08 09:42 B D:\modelos\modmol\metab\nthorm\nicotina.jpg --> campus /home/dbbm/public_html/modmol/metab/nthorm nicotina.jpg
100.03.08 09:42 B D:\modelos\modmol\metab\nthorm\nicotina.pdb --> campus /home/dbbm/public_html/modmol/metab/nthorm nicotina.pdb
100.03.08 09:42 B D:\modelos\modmol\metab\nthorm\noradren.jpg --> campus /home/dbbm/public_html/modmol/metab/nthorm noradren.jpg
100.03.08 09:42 B D:\modelos\modmol\metab\nthorm\noradren.pdb --> campus /home/dbbm/public_html/modmol/metab/nthorm noradren.pdb
100.03.08 09:42 B D:\modelos\modmol\metab\nthorm\normet.jpg --> campus /home/dbbm/public_html/modmol/metab/nthorm normet.jpg
100.03.08 09:42 B D:\modelos\modmol\metab\nthorm\normet.pdb --> campus /home/dbbm/public_html/modmol/metab/nthorm normet.pdb
100.03.08 09:42 B D:\modelos\modmol\metab\nthorm\rt3.jpg --> campus /home/dbbm/public_html/modmol/metab/nthorm rt3.jpg
100.03.08 09:42 B D:\modelos\modmol\metab\nthorm\rt3.pdb --> campus /home/dbbm/public_html/modmol/metab/nthorm rt3.pdb
100.03.08 09:42 B D:\modelos\modmol\metab\nthorm\t3.jpg --> campus /home/dbbm/public_html/modmol/metab/nthorm t3.jpg
100.03.08 09:42 B D:\modelos\modmol\metab\nthorm\t3.pdb --> campus /home/dbbm/public_html/modmol/metab/nthorm t3.pdb
100.03.08 09:42 B D:\modelos\modmol\metab\nthorm\t4.jpg --> campus /home/dbbm/public_html/modmol/metab/nthorm t4.jpg
100.03.08 09:42 B D:\modelos\modmol\metab\nthorm\t4.pdb --> campus /home/dbbm/public_html/modmol/metab/nthorm t4.pdb
100.03.08 09:42 B D:\modelos\modmol\metab\nthorm\tetrac.jpg --> campus /home/dbbm/public_html/modmol/metab/nthorm tetrac.jpg
100.03.08 09:42 B D:\modelos\modmol\metab\nthorm\tetrac.pdb --> campus /home/dbbm/public_html/modmol/metab/nthorm tetrac.pdb
100.03.08 09:42 B D:\modelos\modmol\metab\nthorm\tirosina.jpg --> campus /home/dbbm/public_html/modmol/metab/nthorm tirosina.jpg
100.03.08 09:42 B D:\modelos\modmol\metab\nthorm\tirosina.pdb --> campus /home/dbbm/public_html/modmol/metab/nthorm tirosina.pdb
100.03.08 09:42 B D:\modelos\modmol\metab\nthorm\triac.jpg --> campus /home/dbbm/public_html/modmol/metab/nthorm triac.jpg
100.03.08 09:42 B D:\modelos\modmol\metab\nthorm\triac.pdb --> campus /home/dbbm/public_html/modmol/metab/nthorm triac.pdb
100.03.08 09:42 B D:\modelos\modmol\metab\nthorm\trp.jpg --> campus /home/dbbm/public_html/modmol/metab/nthorm trp.jpg
100.03.08 09:42 B D:\modelos\modmol\metab\nthorm\trp.pdb --> campus /home/dbbm/public_html/modmol/metab/nthorm trp.pdb
100.03.08 09:42 B D:\modelos\modmol\metab\nthorm\trpam.jpg --> campus /home/dbbm/public_html/modmol/metab/nthorm trpam.jpg
100.03.08 09:42 B D:\modelos\modmol\metab\nthorm\trpam.pdb --> campus /home/dbbm/public_html/modmol/metab/nthorm trpam.pdb
100.03.08 09:42 B D:\modelos\modmol\metab\nthorm\vma.jpg --> campus /home/dbbm/public_html/modmol/metab/nthorm vma.jpg
100.03.08 09:42 B D:\modelos\modmol\metab\nthorm\vma.pdb --> campus /home/dbbm/public_html/modmol/metab/nthorm vma.pdb
